<?xml version="1.0" encoding="utf-8"?><testsuites name="pytest tests"><testsuite name="pytest" errors="0" failures="0" skipped="0" tests="25" time="4.397" timestamp="2026-04-18T11:40:43.966855+00:00" hostname="agent-env-76f0fc65-e8dc-4ea6-8818-c701ddcd72a7"><testcase classname="backend.tests.test_agrosense_api.TestHealthAndRoot" name="test_api_root" time="0.193" /><testcase classname="backend.tests.test_agrosense_api.TestDashboardAPI" name="test_dashboard_returns_200" time="0.102" /><testcase classname="backend.tests.test_agrosense_api.TestDashboardAPI" name="test_dashboard_returns_crop_data" time="0.103" /><testcase classname="backend.tests.test_agrosense_api.TestDashboardAPI" name="test_dashboard_returns_risk_score" time="0.229" /><testcase classname="backend.tests.test_agrosense_api.TestDashboardAPI" name="test_dashboard_returns_sensors" time="0.095" /><testcase classname="backend.tests.test_agrosense_api.TestDashboardAPI" name="test_dashboard_returns_confidence" time="0.134" /><testcase classname="backend.tests.test_agrosense_api.TestInsightsAPI" name="test_insights_returns_200" time="0.104" /><testcase classname="backend.tests.test_agrosense_api.TestInsightsAPI" name="test_insights_returns_advisory" time="0.100" /><testcase classname="backend.tests.test_agrosense_api.TestInsightsAPI" name="test_insights_returns_primary_driver" time="0.103" /><testcase classname="backend.tests.test_agrosense_api.TestInsightsAPI" name="test_insights_returns_crop_options" time="0.091" /><testcase classname="backend.tests.test_agrosense_api.TestInsightsAPI" name="test_insights_returns_safe_ranges" time="0.125" /><testcase classname="backend.tests.test_agrosense_api.TestInsightsAPI" name="test_insights_returns_recommended_actions" time="0.098" /><testcase classname="backend.tests.test_agrosense_api.TestTrendsAPI" name="test_trends_returns_200" time="0.100" /><testcase classname="backend.tests.test_agrosense_api.TestTrendsAPI" name="test_trends_returns_7_history_entries" time="0.100" /><testcase classname="backend.tests.test_agrosense_api.TestTrendsAPI" name="test_trends_history_structure" time="0.103" /><testcase classname="backend.tests.test_agrosense_api.TestAlertsAPI" name="test_alerts_returns_200" time="0.110" /><testcase classname="backend.tests.test_agrosense_api.TestAlertsAPI" name="test_alerts_returns_5_alerts" time="0.282" /><testcase classname="backend.tests.test_agrosense_api.TestAlertsAPI" name="test_alerts_returns_active_warning" time="0.098" /><testcase classname="backend.tests.test_agrosense_api.TestAlertsAPI" name="test_alerts_structure" time="0.104" /><testcase classname="backend.tests.test_agrosense_api.TestAlertsAPI" name="test_alerts_filter_warning" time="0.106" /><testcase classname="backend.tests.test_agrosense_api.TestAlertsAPI" name="test_alerts_filter_watch" time="0.109" /><testcase classname="backend.tests.test_agrosense_api.TestAlertsAPI" name="test_alerts_filter_info" time="0.102" /><testcase classname="backend.tests.test_agrosense_api.TestSimulationAPI" name="test_simulate_alert_changes_risk" time="0.323" /><testcase classname="backend.tests.test_agrosense_api.TestSimulationAPI" name="test_reset_simulation_restores_normal" time="0.595" /><testcase classname="backend.tests.test_agrosense_api.TestSimulationAPI" name="test_simulation_affects_insights" time="0.610" /></testsuite></testsuites>